⬥ Injecting environment variable values for all scopes
⬥ Ignored general context env var: LANG (defined in process)
⬥ No app server detected. Using simple static server
⬥ Running static server from "pm-control-netlify-5/public"
⬥ Setting up local dev server

⬥ Static server listening to 3999
---------------------------
Error: Unable to open browser automatically: Running inside a docker container
Please open your browser and open the URL below:
http://localhost:8888
---------------------------

   ╭─────────────────────── ⬥  ────────────────────────╮
   │                                                   │
   │   Local dev server ready: http://localhost:8888   │
   │                                                   │
   ╰───────────────────────────────────────────────────╯

⬥ Loaded function ai
⬥ Loaded function hello
⬥ Loaded function activities
(node:32083) [DEP0060] DeprecationWarning: The `util._extend` API is deprecated. Please use Object.assign() instead.
(Use `node --trace-deprecation ...` to show where the warning was created)
Request from ::1: GET /.netlify/functions/activities
Response with status 200 in 13 ms.
Request from ::1: POST /.netlify/functions/activities
Response with status 201 in 3 ms.
Request from ::1: GET /.netlify/functions/activities
Response with status 200 in 2 ms.
Request from ::1: POST /.netlify/functions/ai
Response with status 500 in 3 ms.
Request from ::1: POST /.netlify/functions/ai
Response with status 500 in 1 ms.
